
SQL*Loader: Release 19.0.0.0.0 - Production on Fri Jan 6 15:52:00 2023
Version 19.3.0.0.0

Copyright (c) 1982, 2019, Oracle and/or its affiliates.  All rights reserved.


Control File:   Invoice.ctl
Data File:      ../csv/Invoice.csv
  File processing option string: "str '\r\n'"
  Bad File:     ../bads/Invoice.log
  Discard File:  none specified
 
 (Allow all discards)

Number to load: ALL
Number to skip: 1
Errors allowed: 50
Bind array:     250 rows, maximum of 1048576 bytes
Continuation:    none specified
Path used:      Conventional

Table INVOICE, loaded from every logical record.
Insert option in effect for this table: APPEND
TRAILING NULLCOLS option in effect

   Column Name                  Position   Len  Term Encl Datatype
------------------------------ ---------- ----- ---- ---- ---------------------
ID                                  FIRST     *   ;  O(") CHARACTER            
                                                      O(")
BISTRO_ID                            NEXT     *   ;  O(") CHARACTER            
                                                      O(")
POC_ID                               NEXT     *   ;  O(") CHARACTER            
                                                      O(")
PRODUCT_ID                           NEXT     *   ;  O(") CHARACTER            
                                                      O(")
MENU_ID                              NEXT     *   ;  O(") CHARACTER            
                                                      O(")
CHIEF_ID                             NEXT     *   ;  O(") CHARACTER            
                                                      O(")
PAYMENT_ID                           NEXT     *   ;  O(") CHARACTER            
                                                      O(")
WORKER_ID                            NEXT     *   ;  O(") CHARACTER            
                                                      O(")
DELIVERY_ID                          NEXT     *   ;  O(") CHARACTER            
                                                      O(")
BONUS_ID                             NEXT     *   ;  O(") CHARACTER            
                                                      O(")
CLIENT_ID                            NEXT     *   ;  O(") CHARACTER            
                                                      O(")
QUANTITY                             NEXT     *   ;  O(") CHARACTER            
                                                      O(")
PRICE_VALUE                          NEXT     *   ;  O(") CHARACTER            
                                                      O(")
CLIENT_RATING                        NEXT     *   ;  O(") CHARACTER            
                                                      O(")
HOUR                                 NEXT     *   ;  O(") CHARACTER            
                                                      O(")
DAY                                  NEXT     *   ;  O(") CHARACTER            
                                                      O(")
WEEKDAY                              NEXT     *   ;  O(") CHARACTER            
                                                      O(")
MONTH                                NEXT     *   ;  O(") CHARACTER            
                                                      O(")
YEAR                                 NEXT     *   ;  O(") CHARACTER            
                                                      O(")

value used for ROWS parameter changed from 250 to 213
Record 1: Rejected - Error on table INVOICE.
ORA-02291: integrity constraint (PROJEKT.SYS_C008398) violated - parent key not found

Record 2: Rejected - Error on table INVOICE.
ORA-02291: integrity constraint (PROJEKT.SYS_C008398) violated - parent key not found

Record 3: Rejected - Error on table INVOICE.
ORA-02291: integrity constraint (PROJEKT.SYS_C008398) violated - parent key not found

Record 4: Rejected - Error on table INVOICE.
ORA-02291: integrity constraint (PROJEKT.SYS_C008398) violated - parent key not found

Record 5: Rejected - Error on table INVOICE.
ORA-02291: integrity constraint (PROJEKT.SYS_C008398) violated - parent key not found

Record 6: Rejected - Error on table INVOICE.
ORA-02291: integrity constraint (PROJEKT.SYS_C008398) violated - parent key not found

Record 7: Rejected - Error on table INVOICE.
ORA-02291: integrity constraint (PROJEKT.SYS_C008398) violated - parent key not found

Record 8: Rejected - Error on table INVOICE.
ORA-02291: integrity constraint (PROJEKT.SYS_C008398) violated - parent key not found

Record 9: Rejected - Error on table INVOICE.
ORA-02291: integrity constraint (PROJEKT.SYS_C008398) violated - parent key not found

Record 10: Rejected - Error on table INVOICE.
ORA-02291: integrity constraint (PROJEKT.SYS_C008398) violated - parent key not found

Record 11: Rejected - Error on table INVOICE.
ORA-02291: integrity constraint (PROJEKT.SYS_C008398) violated - parent key not found

Record 12: Rejected - Error on table INVOICE.
ORA-02291: integrity constraint (PROJEKT.SYS_C008398) violated - parent key not found

Record 13: Rejected - Error on table INVOICE.
ORA-02291: integrity constraint (PROJEKT.SYS_C008398) violated - parent key not found

Record 14: Rejected - Error on table INVOICE.
ORA-02291: integrity constraint (PROJEKT.SYS_C008398) violated - parent key not found

Record 15: Rejected - Error on table INVOICE.
ORA-02291: integrity constraint (PROJEKT.SYS_C008398) violated - parent key not found

Record 16: Rejected - Error on table INVOICE.
ORA-02291: integrity constraint (PROJEKT.SYS_C008398) violated - parent key not found

Record 17: Rejected - Error on table INVOICE.
ORA-02291: integrity constraint (PROJEKT.SYS_C008398) violated - parent key not found

Record 18: Rejected - Error on table INVOICE.
ORA-02291: integrity constraint (PROJEKT.SYS_C008398) violated - parent key not found

Record 19: Rejected - Error on table INVOICE.
ORA-02291: integrity constraint (PROJEKT.SYS_C008398) violated - parent key not found

Record 20: Rejected - Error on table INVOICE.
ORA-02291: integrity constraint (PROJEKT.SYS_C008398) violated - parent key not found

Record 21: Rejected - Error on table INVOICE.
ORA-02291: integrity constraint (PROJEKT.SYS_C008398) violated - parent key not found

Record 22: Rejected - Error on table INVOICE.
ORA-02291: integrity constraint (PROJEKT.SYS_C008398) violated - parent key not found

Record 23: Rejected - Error on table INVOICE.
ORA-02291: integrity constraint (PROJEKT.SYS_C008398) violated - parent key not found

Record 24: Rejected - Error on table INVOICE.
ORA-02291: integrity constraint (PROJEKT.SYS_C008398) violated - parent key not found

Record 25: Rejected - Error on table INVOICE.
ORA-02291: integrity constraint (PROJEKT.SYS_C008398) violated - parent key not found

Record 26: Rejected - Error on table INVOICE.
ORA-02291: integrity constraint (PROJEKT.SYS_C008398) violated - parent key not found

Record 27: Rejected - Error on table INVOICE.
ORA-02291: integrity constraint (PROJEKT.SYS_C008398) violated - parent key not found

Record 28: Rejected - Error on table INVOICE.
ORA-02291: integrity constraint (PROJEKT.SYS_C008398) violated - parent key not found

Record 29: Rejected - Error on table INVOICE.
ORA-02291: integrity constraint (PROJEKT.SYS_C008398) violated - parent key not found

Record 30: Rejected - Error on table INVOICE.
ORA-02291: integrity constraint (PROJEKT.SYS_C008398) violated - parent key not found

Record 31: Rejected - Error on table INVOICE.
ORA-02291: integrity constraint (PROJEKT.SYS_C008398) violated - parent key not found

Record 32: Rejected - Error on table INVOICE.
ORA-02291: integrity constraint (PROJEKT.SYS_C008398) violated - parent key not found

Record 33: Rejected - Error on table INVOICE.
ORA-02291: integrity constraint (PROJEKT.SYS_C008398) violated - parent key not found

Record 34: Rejected - Error on table INVOICE.
ORA-02291: integrity constraint (PROJEKT.SYS_C008398) violated - parent key not found

Record 35: Rejected - Error on table INVOICE.
ORA-02291: integrity constraint (PROJEKT.SYS_C008398) violated - parent key not found

Record 36: Rejected - Error on table INVOICE.
ORA-02291: integrity constraint (PROJEKT.SYS_C008398) violated - parent key not found

Record 37: Rejected - Error on table INVOICE.
ORA-02291: integrity constraint (PROJEKT.SYS_C008398) violated - parent key not found

Record 38: Rejected - Error on table INVOICE.
ORA-02291: integrity constraint (PROJEKT.SYS_C008398) violated - parent key not found

Record 39: Rejected - Error on table INVOICE.
ORA-02291: integrity constraint (PROJEKT.SYS_C008398) violated - parent key not found

Record 40: Rejected - Error on table INVOICE.
ORA-02291: integrity constraint (PROJEKT.SYS_C008398) violated - parent key not found

Record 41: Rejected - Error on table INVOICE.
ORA-02291: integrity constraint (PROJEKT.SYS_C008398) violated - parent key not found

Record 42: Rejected - Error on table INVOICE.
ORA-02291: integrity constraint (PROJEKT.SYS_C008398) violated - parent key not found

Record 43: Rejected - Error on table INVOICE.
ORA-02291: integrity constraint (PROJEKT.SYS_C008398) violated - parent key not found

Record 44: Rejected - Error on table INVOICE.
ORA-02291: integrity constraint (PROJEKT.SYS_C008398) violated - parent key not found

Record 45: Rejected - Error on table INVOICE.
ORA-02291: integrity constraint (PROJEKT.SYS_C008398) violated - parent key not found

Record 46: Rejected - Error on table INVOICE.
ORA-02291: integrity constraint (PROJEKT.SYS_C008398) violated - parent key not found

Record 47: Rejected - Error on table INVOICE.
ORA-02291: integrity constraint (PROJEKT.SYS_C008398) violated - parent key not found

Record 48: Rejected - Error on table INVOICE.
ORA-02291: integrity constraint (PROJEKT.SYS_C008398) violated - parent key not found

Record 49: Rejected - Error on table INVOICE.
ORA-02291: integrity constraint (PROJEKT.SYS_C008398) violated - parent key not found

Record 50: Rejected - Error on table INVOICE.
ORA-02291: integrity constraint (PROJEKT.SYS_C008398) violated - parent key not found

Record 51: Rejected - Error on table INVOICE.
ORA-02291: integrity constraint (PROJEKT.SYS_C008398) violated - parent key not found


MAXIMUM ERROR COUNT EXCEEDED - Above statistics reflect partial run.

Table INVOICE:
  0 Rows successfully loaded.
  51 Rows not loaded due to data errors.
  0 Rows not loaded because all WHEN clauses were failed.
  0 Rows not loaded because all fields were null.


Space allocated for bind array:                1044126 bytes(213 rows)
Read   buffer bytes: 1048576

Total logical records skipped:          1
Total logical records read:           213
Total logical records rejected:        51
Total logical records discarded:        0

Run began on Fri Jan 06 15:52:00 2023
Run ended on Fri Jan 06 15:52:00 2023

Elapsed time was:     00:00:00.21
CPU time was:         00:00:00.11
