
SQL*Loader: Release 19.0.0.0.0 - Production on Tue Jan 10 18:44:15 2023
Version 19.3.0.0.0

Copyright (c) 1982, 2019, Oracle and/or its affiliates.  All rights reserved.

Control File:   ww_Invoice.ctl
Data File:      ../csv/Invoice.csv
  File processing option string: "str '\r\n'"
  Bad File:     ../bads/ww_Invoice.log
  Discard File:  none specified
 
 (Allow all discards)

Number to load: ALL
Number to skip: 1
Errors allowed: 50
Bind array:     250 rows, maximum of 1048576 bytes
Continuation:    none specified
Path used:      Conventional

Table INVOICE, loaded from every logical record.
Insert option in effect for this table: APPEND
TRAILING NULLCOLS option in effect

   Column Name                  Position   Len  Term Encl Datatype
------------------------------ ---------- ----- ---- ---- ---------------------
ID                                  FIRST     *   ,  O(") CHARACTER            
                                                      O(")
BISTRO_ID                            NEXT     *   ,  O(") CHARACTER            
                                                      O(")
POC_ID                               NEXT     *   ,  O(") CHARACTER            
                                                      O(")
PRODUCT_ID                           NEXT     *   ,  O(") CHARACTER            
                                                      O(")
MENU_ID                              NEXT     *   ,  O(") CHARACTER            
                                                      O(")
CHIEF_ID                             NEXT     *   ,  O(") CHARACTER            
                                                      O(")
PAYMENT_ID                           NEXT     *   ,  O(") CHARACTER            
                                                      O(")
WORKER_ID                            NEXT     *   ,  O(") CHARACTER            
                                                      O(")
DELIVERY_ID                          NEXT     *   ,  O(") CHARACTER            
                                                      O(")
BONUS_ID                             NEXT     *   ,  O(") CHARACTER            
                                                      O(")
CLIENT_ID                            NEXT     *   ,  O(") CHARACTER            
                                                      O(")
QUANTITY                             NEXT     *   ,  O(") CHARACTER            
                                                      O(")
PRICE_VALUE                          NEXT     *   ,  O(") CHARACTER            
                                                      O(")
CLIENT_RATING                        NEXT     *   ,  O(") CHARACTER            
                                                      O(")
HOUR                                 NEXT     *   ,  O(") CHARACTER            
                                                      O(")
DAY                                  NEXT     *   ,  O(") CHARACTER            
                                                      O(")
WEEKDAY                              NEXT     *   ,  O(") CHARACTER            
                                                      O(")
MONTH                                NEXT     *   ,  O(") CHARACTER            
                                                      O(")
YEAR                                 NEXT     *   ,  O(") CHARACTER            
                                                      O(")

value used for ROWS parameter changed from 250 to 213

Table INVOICE:
  300000 Rows successfully loaded.
  0 Rows not loaded due to data errors.
  0 Rows not loaded because all WHEN clauses were failed.
  0 Rows not loaded because all fields were null.


Space allocated for bind array:                1044126 bytes(213 rows)
Read   buffer bytes: 1048576

Total logical records skipped:          1
Total logical records read:        300000
Total logical records rejected:         0
Total logical records discarded:        0

Run began on Tue Jan 10 18:44:15 2023
Run ended on Tue Jan 10 18:44:37 2023

Elapsed time was:     00:00:16.08
CPU time was:         00:00:01.95
